2018-07-11 15:27:28.532 [main] INFO  com.dwring.springboot.test.RestTemplateTest -Starting RestTemplateTest on qf-haichangz-01 with PID 12440 (started by HaichangZhang in D:\workspace\springboot-https)
2018-07-11 15:27:28.533 [main] INFO  com.dwring.springboot.test.RestTemplateTest -No active profile set, falling back to default profiles: default
2018-07-11 15:27:28.563 [main] INFO  o.s.w.context.support.GenericWebApplicationContext -Refreshing org.springframework.web.context.support.GenericWebApplicationContext@3a6bb9bf: startup date [Wed Jul 11 15:27:28 CST 2018]; root of context hierarchy
2018-07-11 15:27:28.680 [background-preinit] INFO  org.hibernate.validator.internal.util.Version -HV000001: Hibernate Validator 5.3.5.Final
2018-07-11 15:27:30.556 [main] INFO  o.s.w.s.m.m.a.RequestMappingHandlerMapping -Mapped "{[/users/exception],methods=[GET]}" onto public com.dwring.springboot.model.BaseResponse<java.lang.String> com.dwring.springboot.controller.UserController.exception()
2018-07-11 15:27:30.557 [main] INFO  o.s.w.s.m.m.a.RequestMappingHandlerMapping -Mapped "{[/users/],methods=[GET]}" onto public com.dwring.springboot.model.BaseResponse<java.util.Collection<com.dwring.springboot.model.UserInfo>> com.dwring.springboot.controller.UserController.getUserList()
2018-07-11 15:27:30.558 [main] INFO  o.s.w.s.m.m.a.RequestMappingHandlerMapping -Mapped "{[/users/],methods=[POST]}" onto public com.dwring.springboot.model.BaseResponse<java.lang.String> com.dwring.springboot.controller.UserController.creatUser(java.lang.String)
2018-07-11 15:27:30.559 [main] INFO  o.s.w.s.m.m.a.RequestMappingHandlerMapping -Mapped "{[/users/{id}],methods=[GET]}" onto public com.dwring.springboot.model.BaseResponse<com.dwring.springboot.model.UserInfo> com.dwring.springboot.controller.UserController.loadUser(java.lang.Integer)
2018-07-11 15:27:30.559 [main] INFO  o.s.w.s.m.m.a.RequestMappingHandlerMapping -Mapped "{[/users/{id}],methods=[DELETE]}" onto public com.dwring.springboot.model.BaseResponse<java.lang.Boolean> com.dwring.springboot.controller.UserController.deleteUser(java.lang.Integer)
2018-07-11 15:27:30.559 [main] INFO  o.s.w.s.m.m.a.RequestMappingHandlerMapping -Mapped "{[/users/{id}],methods=[PUT]}" onto public com.dwring.springboot.model.BaseResponse<com.dwring.springboot.model.UserInfo> com.dwring.springboot.controller.UserController.updateUser(java.lang.Integer,com.dwring.springboot.model.UserInfo)
2018-07-11 15:27:30.560 [main] INFO  o.s.w.s.m.m.a.RequestMappingHandlerMapping -Mapped "{[/v2/api-docs],methods=[GET],produces=[application/json || application/hal+json]}" onto public org.springframework.http.ResponseEntity<springfox.documentation.spring.web.json.Json> springfox.documentation.swagger2.web.Swagger2Controller.getDocumentation(java.lang.String,javax.servlet.http.HttpServletRequest)
2018-07-11 15:27:30.562 [main] INFO  o.s.w.s.m.m.a.RequestMappingHandlerMapping -Mapped "{[/swagger-resources/configuration/security]}" onto org.springframework.http.ResponseEntity<springfox.documentation.swagger.web.SecurityConfiguration> springfox.documentation.swagger.web.ApiResourceController.securityConfiguration()
2018-07-11 15:27:30.562 [main] INFO  o.s.w.s.m.m.a.RequestMappingHandlerMapping -Mapped "{[/swagger-resources]}" onto org.springframework.http.ResponseEntity<java.util.List<springfox.documentation.swagger.web.SwaggerResource>> springfox.documentation.swagger.web.ApiResourceController.swaggerResources()
2018-07-11 15:27:30.563 [main] INFO  o.s.w.s.m.m.a.RequestMappingHandlerMapping -Mapped "{[/swagger-resources/configuration/ui]}" onto org.springframework.http.ResponseEntity<springfox.documentation.swagger.web.UiConfiguration> springfox.documentation.swagger.web.ApiResourceController.uiConfiguration()
2018-07-11 15:27:30.566 [main] INFO  o.s.w.s.m.m.a.RequestMappingHandlerMapping -Mapped "{[/error]}" onto public org.springframework.http.ResponseEntity<java.util.Map<java.lang.String, java.lang.Object>> org.springframework.boot.autoconfigure.web.BasicErrorController.error(javax.servlet.http.HttpServletRequest)
2018-07-11 15:27:30.566 [main] INFO  o.s.w.s.m.m.a.RequestMappingHandlerMapping -Mapped "{[/error],produces=[text/html]}" onto public org.springframework.web.servlet.ModelAndView org.springframework.boot.autoconfigure.web.BasicErrorController.errorHtml(javax.servlet.http.HttpServletRequest,javax.servlet.http.HttpServletResponse)
2018-07-11 15:27:31.497 [main] INFO  o.s.w.s.m.m.a.RequestMappingHandlerAdapter -Looking for @ControllerAdvice: org.springframework.web.context.support.GenericWebApplicationContext@3a6bb9bf: startup date [Wed Jul 11 15:27:28 CST 2018]; root of context hierarchy
2018-07-11 15:27:31.568 [main] INFO  o.s.web.servlet.handler.SimpleUrlHandlerMapping -Mapped URL path [/webjars/**] onto handler of type [class org.springframework.web.servlet.resource.ResourceHttpRequestHandler]
2018-07-11 15:27:31.569 [main] INFO  o.s.web.servlet.handler.SimpleUrlHandlerMapping -Mapped URL path [/**] onto handler of type [class org.springframework.web.servlet.resource.ResourceHttpRequestHandler]
2018-07-11 15:27:31.583 [main] INFO  o.s.w.s.m.m.a.ExceptionHandlerExceptionResolver -Detected @ExceptionHandler methods in globalExcetionHandler
2018-07-11 15:27:31.606 [main] INFO  o.s.web.servlet.handler.SimpleUrlHandlerMapping -Mapped URL path [/**/favicon.ico] onto handler of type [class org.springframework.web.servlet.resource.ResourceHttpRequestHandler]
2018-07-11 15:27:31.740 [main] INFO  o.s.context.support.DefaultLifecycleProcessor -Starting beans in phase 2147483647
2018-07-11 15:27:31.740 [main] INFO  s.d.s.web.plugins.DocumentationPluginsBootstrapper -Context refreshed
2018-07-11 15:27:31.754 [main] INFO  s.d.s.web.plugins.DocumentationPluginsBootstrapper -Found 1 custom documentation plugin(s)
2018-07-11 15:27:31.770 [main] INFO  s.d.spring.web.scanners.ApiListingReferenceScanner -Scanning for api listing references
2018-07-11 15:27:31.928 [main] INFO  com.dwring.springboot.test.RestTemplateTest -Started RestTemplateTest in 3.745 seconds (JVM running for 4.519)
2018-07-11 15:27:32.357 [Thread-2] INFO  o.s.w.context.support.GenericWebApplicationContext -Closing org.springframework.web.context.support.GenericWebApplicationContext@3a6bb9bf: startup date [Wed Jul 11 15:27:28 CST 2018]; root of context hierarchy
2018-07-11 15:27:32.358 [Thread-2] INFO  o.s.context.support.DefaultLifecycleProcessor -Stopping beans in phase 2147483647
2018-07-11 16:12:23.086 [main] INFO  com.dwring.springboot.Application -Starting Application on qf-haichangz-01 with PID 12436 (D:\workspace\springboot-https\target\classes started by HaichangZhang in D:\workspace\springboot-https)
2018-07-11 16:12:23.088 [main] INFO  com.dwring.springboot.Application -No active profile set, falling back to default profiles: default
2018-07-11 16:12:23.121 [main] INFO  o.s.b.c.e.AnnotationConfigEmbeddedWebApplicationContext -Refreshing org.springframework.boot.context.embedded.AnnotationConfigEmbeddedWebApplicationContext@d83da2e: startup date [Wed Jul 11 16:12:23 CST 2018]; root of context hierarchy
2018-07-11 16:12:23.171 [background-preinit] INFO  org.hibernate.validator.internal.util.Version -HV000001: Hibernate Validator 5.3.5.Final
2018-07-11 16:12:24.425 [main] INFO  org.xnio -XNIO version 3.3.8.Final
2018-07-11 16:12:24.441 [main] INFO  org.xnio.nio -XNIO NIO Implementation Version 3.3.8.Final
2018-07-11 16:12:24.535 [main] WARN  io.undertow.websockets.jsr -UT026009: XNIO worker was not set on WebSocketDeploymentInfo, the default worker will be used
2018-07-11 16:12:24.535 [main] WARN  io.undertow.websockets.jsr -UT026010: Buffer pool was not set on WebSocketDeploymentInfo, the default pool will be used
2018-07-11 16:12:24.568 [main] INFO  io.undertow.servlet -Initializing Spring embedded WebApplicationContext
2018-07-11 16:12:24.568 [main] INFO  org.springframework.web.context.ContextLoader -Root WebApplicationContext: initialization completed in 1447 ms
2018-07-11 16:12:24.722 [main] INFO  o.s.boot.web.servlet.ServletRegistrationBean -Mapping servlet: 'dispatcherServlet' to [/]
2018-07-11 16:12:24.728 [main] INFO  o.s.boot.web.servlet.FilterRegistrationBean -Mapping filter: 'characterEncodingFilter' to: [/*]
2018-07-11 16:12:24.729 [main] INFO  o.s.boot.web.servlet.FilterRegistrationBean -Mapping filter: 'hiddenHttpMethodFilter' to: [/*]
2018-07-11 16:12:24.729 [main] INFO  o.s.boot.web.servlet.FilterRegistrationBean -Mapping filter: 'httpPutFormContentFilter' to: [/*]
2018-07-11 16:12:24.729 [main] INFO  o.s.boot.web.servlet.FilterRegistrationBean -Mapping filter: 'requestContextFilter' to: [/*]
2018-07-11 16:12:25.502 [main] INFO  o.s.w.s.m.m.a.RequestMappingHandlerMapping -Mapped "{[/users/exception],methods=[GET]}" onto public com.dwring.springboot.model.BaseResponse<java.lang.String> com.dwring.springboot.controller.UserController.exception()
2018-07-11 16:12:25.503 [main] INFO  o.s.w.s.m.m.a.RequestMappingHandlerMapping -Mapped "{[/users/{id}],methods=[DELETE]}" onto public com.dwring.springboot.model.BaseResponse<java.lang.Boolean> com.dwring.springboot.controller.UserController.deleteUser(java.lang.Integer)
2018-07-11 16:12:25.503 [main] INFO  o.s.w.s.m.m.a.RequestMappingHandlerMapping -Mapped "{[/users/],methods=[POST]}" onto public com.dwring.springboot.model.BaseResponse<java.lang.String> com.dwring.springboot.controller.UserController.creatUser(java.lang.String)
2018-07-11 16:12:25.504 [main] INFO  o.s.w.s.m.m.a.RequestMappingHandlerMapping -Mapped "{[/users/{id}],methods=[GET]}" onto public com.dwring.springboot.model.BaseResponse<com.dwring.springboot.model.UserInfo> com.dwring.springboot.controller.UserController.loadUser(java.lang.Integer)
2018-07-11 16:12:25.504 [main] INFO  o.s.w.s.m.m.a.RequestMappingHandlerMapping -Mapped "{[/users/{id}],methods=[PUT]}" onto public com.dwring.springboot.model.BaseResponse<com.dwring.springboot.model.UserInfo> com.dwring.springboot.controller.UserController.updateUser(java.lang.Integer,com.dwring.springboot.model.UserInfo)
2018-07-11 16:12:25.504 [main] INFO  o.s.w.s.m.m.a.RequestMappingHandlerMapping -Mapped "{[/users/],methods=[GET]}" onto public com.dwring.springboot.model.BaseResponse<java.util.Collection<com.dwring.springboot.model.UserInfo>> com.dwring.springboot.controller.UserController.getUserList()
2018-07-11 16:12:25.506 [main] INFO  o.s.w.s.m.m.a.RequestMappingHandlerMapping -Mapped "{[/weather/shanghai],methods=[GET]}" onto public com.dwring.springboot.model.BaseResponse<java.lang.String> com.dwring.springboot.controller.WeatherController.getWeather()
2018-07-11 16:12:25.506 [main] INFO  o.s.w.s.m.m.a.RequestMappingHandlerMapping -Mapped "{[/v2/api-docs],methods=[GET],produces=[application/json || application/hal+json]}" onto public org.springframework.http.ResponseEntity<springfox.documentation.spring.web.json.Json> springfox.documentation.swagger2.web.Swagger2Controller.getDocumentation(java.lang.String,javax.servlet.http.HttpServletRequest)
2018-07-11 16:12:25.508 [main] INFO  o.s.w.s.m.m.a.RequestMappingHandlerMapping -Mapped "{[/swagger-resources/configuration/security]}" onto org.springframework.http.ResponseEntity<springfox.documentation.swagger.web.SecurityConfiguration> springfox.documentation.swagger.web.ApiResourceController.securityConfiguration()
2018-07-11 16:12:25.509 [main] INFO  o.s.w.s.m.m.a.RequestMappingHandlerMapping -Mapped "{[/swagger-resources/configuration/ui]}" onto org.springframework.http.ResponseEntity<springfox.documentation.swagger.web.UiConfiguration> springfox.documentation.swagger.web.ApiResourceController.uiConfiguration()
2018-07-11 16:12:25.509 [main] INFO  o.s.w.s.m.m.a.RequestMappingHandlerMapping -Mapped "{[/swagger-resources]}" onto org.springframework.http.ResponseEntity<java.util.List<springfox.documentation.swagger.web.SwaggerResource>> springfox.documentation.swagger.web.ApiResourceController.swaggerResources()
2018-07-11 16:12:25.513 [main] INFO  o.s.w.s.m.m.a.RequestMappingHandlerMapping -Mapped "{[/error]}" onto public org.springframework.http.ResponseEntity<java.util.Map<java.lang.String, java.lang.Object>> org.springframework.boot.autoconfigure.web.BasicErrorController.error(javax.servlet.http.HttpServletRequest)
2018-07-11 16:12:25.513 [main] INFO  o.s.w.s.m.m.a.RequestMappingHandlerMapping -Mapped "{[/error],produces=[text/html]}" onto public org.springframework.web.servlet.ModelAndView org.springframework.boot.autoconfigure.web.BasicErrorController.errorHtml(javax.servlet.http.HttpServletRequest,javax.servlet.http.HttpServletResponse)
2018-07-11 16:12:25.773 [main] INFO  o.s.w.s.m.m.a.RequestMappingHandlerAdapter -Looking for @ControllerAdvice: org.springframework.boot.context.embedded.AnnotationConfigEmbeddedWebApplicationContext@d83da2e: startup date [Wed Jul 11 16:12:23 CST 2018]; root of context hierarchy
2018-07-11 16:12:25.831 [main] INFO  o.s.web.servlet.handler.SimpleUrlHandlerMapping -Mapped URL path [/webjars/**] onto handler of type [class org.springframework.web.servlet.resource.ResourceHttpRequestHandler]
2018-07-11 16:12:25.831 [main] INFO  o.s.web.servlet.handler.SimpleUrlHandlerMapping -Mapped URL path [/**] onto handler of type [class org.springframework.web.servlet.resource.ResourceHttpRequestHandler]
2018-07-11 16:12:25.848 [main] INFO  o.s.w.s.m.m.a.ExceptionHandlerExceptionResolver -Detected @ExceptionHandler methods in globalExcetionHandler
2018-07-11 16:12:25.869 [main] INFO  o.s.web.servlet.handler.SimpleUrlHandlerMapping -Mapped URL path [/**/favicon.ico] onto handler of type [class org.springframework.web.servlet.resource.ResourceHttpRequestHandler]
2018-07-11 16:12:26.136 [main] INFO  o.s.jmx.export.annotation.AnnotationMBeanExporter -Registering beans for JMX exposure on startup
2018-07-11 16:12:26.143 [main] INFO  o.s.context.support.DefaultLifecycleProcessor -Starting beans in phase 2147483647
2018-07-11 16:12:26.143 [main] INFO  s.d.s.web.plugins.DocumentationPluginsBootstrapper -Context refreshed
2018-07-11 16:12:26.159 [main] INFO  s.d.s.web.plugins.DocumentationPluginsBootstrapper -Found 1 custom documentation plugin(s)
2018-07-11 16:12:26.172 [main] INFO  s.d.spring.web.scanners.ApiListingReferenceScanner -Scanning for api listing references
2018-07-11 16:12:26.354 [main] INFO  o.s.b.c.e.u.UndertowEmbeddedServletContainer -Undertow started on port(s) 8088 (https)
2018-07-11 16:12:26.357 [main] INFO  com.dwring.springboot.Application -Started Application in 3.521 seconds (JVM running for 3.797)
2018-07-11 16:13:07.706 [XNIO-2 task-7] INFO  io.undertow.servlet -Initializing Spring FrameworkServlet 'dispatcherServlet'
2018-07-11 16:13:07.706 [XNIO-2 task-7] INFO  org.springframework.web.servlet.DispatcherServlet -FrameworkServlet 'dispatcherServlet': initialization started
2018-07-11 16:13:07.722 [XNIO-2 task-7] INFO  org.springframework.web.servlet.DispatcherServlet -FrameworkServlet 'dispatcherServlet': initialization completed in 16 ms
2018-07-11 16:13:07.737 [XNIO-2 task-7] INFO  com.dwring.springboot.controller.WeatherController -接受请求
2018-07-11 16:13:07.979 [XNIO-2 task-7] INFO  com.dwring.springboot.controller.WeatherController -接受结束：{"HeWeather5":[{"basic":{"city":"上海","cnty":"中国","id":"CN101020100","lat":"31.23170662","lon":"121.47264099","update":{"loc":"2018-07-11 15:47","utc":"2018-07-11 07:47"}},"daily_forecast":[{"astro":{"mr":"02:52","ms":"17:03","sr":"04:58","ss":"19:00"},"cond":{"code_d":"104","code_n":"104","txt_d":"阴","txt_n":"阴"},"date":"2018-07-11","hum":"72","pcpn":"0.0","pop":"7","pres":"1008","tmp":{"max":"32","min":"27"},"uv":"3","vis":"10","wind":{"deg":"114","dir":"东南风","sc":"5-6","spd":"41"}},{"astro":{"mr":"03:48","ms":"18:08","sr":"04:59","ss":"19:00"},"cond":{"code_d":"101","code_n":"101","txt_d":"多云","txt_n":"多云"},"date":"2018-07-12","hum":"75","pcpn":"5.0","pop":"80","pres":"1008","tmp":{"max":"33","min":"27"},"uv":"6","vis":"16","wind":{"deg":"128","dir":"东南风","sc":"5-6","spd":"37"}},{"astro":{"mr":"04:51","ms":"19:10","sr":"04:59","ss":"18:59"},"cond":{"code_d":"101","code_n":"101","txt_d":"多云","txt_n":"多云"},"date":"2018-07-13","hum":"76","pcpn":"1.0","pop":"55","pres":"1008","tmp":{"max":"34","min":"27"},"uv":"5","vis":"17","wind":{"deg":"36","dir":"东北风","sc":"1-2","spd":"3"}}],"status":"ok"}]}
2018-07-11 16:15:52.794 [XNIO-2 task-13] INFO  com.dwring.springboot.controller.WeatherController -接受请求
2018-07-11 16:15:52.838 [XNIO-2 task-13] INFO  com.dwring.springboot.controller.WeatherController -接受结束：{"HeWeather5":[{"basic":{"city":"上海","cnty":"中国","id":"CN101020100","lat":"31.23170662","lon":"121.47264099","update":{"loc":"2018-07-11 15:47","utc":"2018-07-11 07:47"}},"daily_forecast":[{"astro":{"mr":"02:52","ms":"17:03","sr":"04:58","ss":"19:00"},"cond":{"code_d":"104","code_n":"104","txt_d":"阴","txt_n":"阴"},"date":"2018-07-11","hum":"72","pcpn":"0.0","pop":"7","pres":"1008","tmp":{"max":"32","min":"27"},"uv":"3","vis":"10","wind":{"deg":"114","dir":"东南风","sc":"5-6","spd":"41"}},{"astro":{"mr":"03:48","ms":"18:08","sr":"04:59","ss":"19:00"},"cond":{"code_d":"101","code_n":"101","txt_d":"多云","txt_n":"多云"},"date":"2018-07-12","hum":"75","pcpn":"5.0","pop":"80","pres":"1008","tmp":{"max":"33","min":"27"},"uv":"6","vis":"16","wind":{"deg":"128","dir":"东南风","sc":"5-6","spd":"37"}},{"astro":{"mr":"04:51","ms":"19:10","sr":"04:59","ss":"18:59"},"cond":{"code_d":"101","code_n":"101","txt_d":"多云","txt_n":"多云"},"date":"2018-07-13","hum":"76","pcpn":"1.0","pop":"55","pres":"1008","tmp":{"max":"34","min":"27"},"uv":"5","vis":"17","wind":{"deg":"36","dir":"东北风","sc":"1-2","spd":"3"}}],"status":"ok"}]}
