2018-06-26 12:06:00.824 [main] INFO  com.dwring.springboot.Application -
				Starting Application on qf-haichangz-01 with PID 876 (D:\workspace\springboot-https\target\classes started by HaichangZhang in D:\workspace\springboot-https)
2018-06-26 12:06:00.825 [main] INFO  com.dwring.springboot.Application -
				No active profile set, falling back to default profiles: default
2018-06-26 12:06:00.858 [main] INFO  o.s.b.c.e.AnnotationConfigEmbeddedWebApplicationContext -
				Refreshing org.springframework.boot.context.embedded.AnnotationConfigEmbeddedWebApplicationContext@19d37183: startup date [Tue Jun 26 12:06:00 CST 2018]; root of context hierarchy
2018-06-26 12:06:00.907 [background-preinit] INFO  org.hibernate.validator.internal.util.Version -
				HV000001: Hibernate Validator 5.3.5.Final
2018-06-26 12:06:02.131 [main] INFO  org.xnio -
				XNIO version 3.3.8.Final
2018-06-26 12:06:02.142 [main] INFO  org.xnio.nio -
				XNIO NIO Implementation Version 3.3.8.Final
2018-06-26 12:06:02.204 [main] WARN  io.undertow.websockets.jsr -
				UT026009: XNIO worker was not set on WebSocketDeploymentInfo, the default worker will be used
2018-06-26 12:06:02.204 [main] WARN  io.undertow.websockets.jsr -
				UT026010: Buffer pool was not set on WebSocketDeploymentInfo, the default pool will be used
2018-06-26 12:06:02.222 [main] INFO  io.undertow.servlet -
				Initializing Spring embedded WebApplicationContext
2018-06-26 12:06:02.222 [main] INFO  org.springframework.web.context.ContextLoader -
				Root WebApplicationContext: initialization completed in 1364 ms
2018-06-26 12:06:02.335 [main] INFO  o.s.boot.web.servlet.ServletRegistrationBean -
				Mapping servlet: 'dispatcherServlet' to [/]
2018-06-26 12:06:02.339 [main] INFO  o.s.boot.web.servlet.FilterRegistrationBean -
				Mapping filter: 'characterEncodingFilter' to: [/*]
2018-06-26 12:06:02.340 [main] INFO  o.s.boot.web.servlet.FilterRegistrationBean -
				Mapping filter: 'hiddenHttpMethodFilter' to: [/*]
2018-06-26 12:06:02.340 [main] INFO  o.s.boot.web.servlet.FilterRegistrationBean -
				Mapping filter: 'httpPutFormContentFilter' to: [/*]
2018-06-26 12:06:02.340 [main] INFO  o.s.boot.web.servlet.FilterRegistrationBean -
				Mapping filter: 'requestContextFilter' to: [/*]
2018-06-26 12:06:02.957 [main] INFO  o.s.w.s.m.m.a.RequestMappingHandlerMapping -
				Mapped "{[/users/exception],methods=[GET]}" onto public com.dwring.springboot.model.BaseResponse<java.lang.String> com.dwring.springboot.controller.UserController.exception()
2018-06-26 12:06:02.958 [main] INFO  o.s.w.s.m.m.a.RequestMappingHandlerMapping -
				Mapped "{[/users/{id}],methods=[PUT]}" onto public com.dwring.springboot.model.BaseResponse<com.dwring.springboot.model.UserInfo> com.dwring.springboot.controller.UserController.updateUser(java.lang.Integer,com.dwring.springboot.model.UserInfo)
2018-06-26 12:06:02.958 [main] INFO  o.s.w.s.m.m.a.RequestMappingHandlerMapping -
				Mapped "{[/users/{id}],methods=[DELETE]}" onto public com.dwring.springboot.model.BaseResponse<java.lang.Boolean> com.dwring.springboot.controller.UserController.deleteUser(java.lang.Integer)
2018-06-26 12:06:02.959 [main] INFO  o.s.w.s.m.m.a.RequestMappingHandlerMapping -
				Mapped "{[/users/],methods=[GET]}" onto public com.dwring.springboot.model.BaseResponse<java.util.Collection<com.dwring.springboot.model.UserInfo>> com.dwring.springboot.controller.UserController.getUserList()
2018-06-26 12:06:02.959 [main] INFO  o.s.w.s.m.m.a.RequestMappingHandlerMapping -
				Mapped "{[/users/],methods=[POST]}" onto public com.dwring.springboot.model.BaseResponse<java.lang.String> com.dwring.springboot.controller.UserController.creatUser(java.lang.String)
2018-06-26 12:06:02.959 [main] INFO  o.s.w.s.m.m.a.RequestMappingHandlerMapping -
				Mapped "{[/users/{id}],methods=[GET]}" onto public com.dwring.springboot.model.BaseResponse<com.dwring.springboot.model.UserInfo> com.dwring.springboot.controller.UserController.loadUser(java.lang.Integer)
2018-06-26 12:06:02.960 [main] INFO  o.s.w.s.m.m.a.RequestMappingHandlerMapping -
				Mapped "{[/v2/api-docs],methods=[GET],produces=[application/json || application/hal+json]}" onto public org.springframework.http.ResponseEntity<springfox.documentation.spring.web.json.Json> springfox.documentation.swagger2.web.Swagger2Controller.getDocumentation(java.lang.String,javax.servlet.http.HttpServletRequest)
2018-06-26 12:06:02.962 [main] INFO  o.s.w.s.m.m.a.RequestMappingHandlerMapping -
				Mapped "{[/swagger-resources/configuration/security]}" onto org.springframework.http.ResponseEntity<springfox.documentation.swagger.web.SecurityConfiguration> springfox.documentation.swagger.web.ApiResourceController.securityConfiguration()
2018-06-26 12:06:02.962 [main] INFO  o.s.w.s.m.m.a.RequestMappingHandlerMapping -
				Mapped "{[/swagger-resources/configuration/ui]}" onto org.springframework.http.ResponseEntity<springfox.documentation.swagger.web.UiConfiguration> springfox.documentation.swagger.web.ApiResourceController.uiConfiguration()
2018-06-26 12:06:02.963 [main] INFO  o.s.w.s.m.m.a.RequestMappingHandlerMapping -
				Mapped "{[/swagger-resources]}" onto org.springframework.http.ResponseEntity<java.util.List<springfox.documentation.swagger.web.SwaggerResource>> springfox.documentation.swagger.web.ApiResourceController.swaggerResources()
2018-06-26 12:06:02.965 [main] INFO  o.s.w.s.m.m.a.RequestMappingHandlerMapping -
				Mapped "{[/error]}" onto public org.springframework.http.ResponseEntity<java.util.Map<java.lang.String, java.lang.Object>> org.springframework.boot.autoconfigure.web.BasicErrorController.error(javax.servlet.http.HttpServletRequest)
2018-06-26 12:06:02.966 [main] INFO  o.s.w.s.m.m.a.RequestMappingHandlerMapping -
				Mapped "{[/error],produces=[text/html]}" onto public org.springframework.web.servlet.ModelAndView org.springframework.boot.autoconfigure.web.BasicErrorController.errorHtml(javax.servlet.http.HttpServletRequest,javax.servlet.http.HttpServletResponse)
2018-06-26 12:06:03.496 [main] INFO  o.s.w.s.m.m.a.RequestMappingHandlerAdapter -
				Looking for @ControllerAdvice: org.springframework.boot.context.embedded.AnnotationConfigEmbeddedWebApplicationContext@19d37183: startup date [Tue Jun 26 12:06:00 CST 2018]; root of context hierarchy
2018-06-26 12:06:03.557 [main] INFO  o.s.web.servlet.handler.SimpleUrlHandlerMapping -
				Mapped URL path [/webjars/**] onto handler of type [class org.springframework.web.servlet.resource.ResourceHttpRequestHandler]
2018-06-26 12:06:03.557 [main] INFO  o.s.web.servlet.handler.SimpleUrlHandlerMapping -
				Mapped URL path [/**] onto handler of type [class org.springframework.web.servlet.resource.ResourceHttpRequestHandler]
2018-06-26 12:06:03.573 [main] INFO  o.s.w.s.m.m.a.ExceptionHandlerExceptionResolver -
				Detected @ExceptionHandler methods in globalExcetionHandler
2018-06-26 12:06:03.592 [main] INFO  o.s.web.servlet.handler.SimpleUrlHandlerMapping -
				Mapped URL path [/**/favicon.ico] onto handler of type [class org.springframework.web.servlet.resource.ResourceHttpRequestHandler]
2018-06-26 12:06:03.724 [main] INFO  o.s.jmx.export.annotation.AnnotationMBeanExporter -
				Registering beans for JMX exposure on startup
2018-06-26 12:06:03.732 [main] INFO  o.s.context.support.DefaultLifecycleProcessor -
				Starting beans in phase 2147483647
2018-06-26 12:06:03.732 [main] INFO  s.d.s.web.plugins.DocumentationPluginsBootstrapper -
				Context refreshed
2018-06-26 12:06:03.747 [main] INFO  s.d.s.web.plugins.DocumentationPluginsBootstrapper -
				Found 1 custom documentation plugin(s)
2018-06-26 12:06:03.765 [main] INFO  s.d.spring.web.scanners.ApiListingReferenceScanner -
				Scanning for api listing references
2018-06-26 12:06:03.969 [main] INFO  o.s.b.c.e.u.UndertowEmbeddedServletContainer -
				Undertow started on port(s) 8088 (https)
2018-06-26 12:06:03.972 [main] INFO  com.dwring.springboot.Application -
				Started Application in 3.323 seconds (JVM running for 3.669)
2018-06-26 12:06:46.228 [main] INFO  com.dwring.springboot.Application -Starting Application on qf-haichangz-01 with PID 12480 (D:\workspace\springboot-https\target\classes started by HaichangZhang in D:\workspace\springboot-https)
2018-06-26 12:06:46.230 [main] INFO  com.dwring.springboot.Application -No active profile set, falling back to default profiles: default
2018-06-26 12:06:46.259 [main] INFO  o.s.b.c.e.AnnotationConfigEmbeddedWebApplicationContext -Refreshing org.springframework.boot.context.embedded.AnnotationConfigEmbeddedWebApplicationContext@19d37183: startup date [Tue Jun 26 12:06:46 CST 2018]; root of context hierarchy
2018-06-26 12:06:46.310 [background-preinit] INFO  org.hibernate.validator.internal.util.Version -HV000001: Hibernate Validator 5.3.5.Final
2018-06-26 12:06:47.511 [main] INFO  org.xnio -XNIO version 3.3.8.Final
2018-06-26 12:06:47.523 [main] INFO  org.xnio.nio -XNIO NIO Implementation Version 3.3.8.Final
2018-06-26 12:06:47.584 [main] WARN  io.undertow.websockets.jsr -UT026009: XNIO worker was not set on WebSocketDeploymentInfo, the default worker will be used
2018-06-26 12:06:47.584 [main] WARN  io.undertow.websockets.jsr -UT026010: Buffer pool was not set on WebSocketDeploymentInfo, the default pool will be used
2018-06-26 12:06:47.605 [main] INFO  io.undertow.servlet -Initializing Spring embedded WebApplicationContext
2018-06-26 12:06:47.605 [main] INFO  org.springframework.web.context.ContextLoader -Root WebApplicationContext: initialization completed in 1346 ms
2018-06-26 12:06:47.736 [main] INFO  o.s.boot.web.servlet.ServletRegistrationBean -Mapping servlet: 'dispatcherServlet' to [/]
2018-06-26 12:06:47.740 [main] INFO  o.s.boot.web.servlet.FilterRegistrationBean -Mapping filter: 'characterEncodingFilter' to: [/*]
2018-06-26 12:06:47.740 [main] INFO  o.s.boot.web.servlet.FilterRegistrationBean -Mapping filter: 'hiddenHttpMethodFilter' to: [/*]
2018-06-26 12:06:47.740 [main] INFO  o.s.boot.web.servlet.FilterRegistrationBean -Mapping filter: 'httpPutFormContentFilter' to: [/*]
2018-06-26 12:06:47.741 [main] INFO  o.s.boot.web.servlet.FilterRegistrationBean -Mapping filter: 'requestContextFilter' to: [/*]
2018-06-26 12:06:48.345 [main] INFO  o.s.w.s.m.m.a.RequestMappingHandlerMapping -Mapped "{[/users/exception],methods=[GET]}" onto public com.dwring.springboot.model.BaseResponse<java.lang.String> com.dwring.springboot.controller.UserController.exception()
2018-06-26 12:06:48.346 [main] INFO  o.s.w.s.m.m.a.RequestMappingHandlerMapping -Mapped "{[/users/{id}],methods=[DELETE]}" onto public com.dwring.springboot.model.BaseResponse<java.lang.Boolean> com.dwring.springboot.controller.UserController.deleteUser(java.lang.Integer)
2018-06-26 12:06:48.346 [main] INFO  o.s.w.s.m.m.a.RequestMappingHandlerMapping -Mapped "{[/users/{id}],methods=[PUT]}" onto public com.dwring.springboot.model.BaseResponse<com.dwring.springboot.model.UserInfo> com.dwring.springboot.controller.UserController.updateUser(java.lang.Integer,com.dwring.springboot.model.UserInfo)
2018-06-26 12:06:48.346 [main] INFO  o.s.w.s.m.m.a.RequestMappingHandlerMapping -Mapped "{[/users/{id}],methods=[GET]}" onto public com.dwring.springboot.model.BaseResponse<com.dwring.springboot.model.UserInfo> com.dwring.springboot.controller.UserController.loadUser(java.lang.Integer)
2018-06-26 12:06:48.346 [main] INFO  o.s.w.s.m.m.a.RequestMappingHandlerMapping -Mapped "{[/users/],methods=[GET]}" onto public com.dwring.springboot.model.BaseResponse<java.util.Collection<com.dwring.springboot.model.UserInfo>> com.dwring.springboot.controller.UserController.getUserList()
2018-06-26 12:06:48.346 [main] INFO  o.s.w.s.m.m.a.RequestMappingHandlerMapping -Mapped "{[/users/],methods=[POST]}" onto public com.dwring.springboot.model.BaseResponse<java.lang.String> com.dwring.springboot.controller.UserController.creatUser(java.lang.String)
2018-06-26 12:06:48.347 [main] INFO  o.s.w.s.m.m.a.RequestMappingHandlerMapping -Mapped "{[/v2/api-docs],methods=[GET],produces=[application/json || application/hal+json]}" onto public org.springframework.http.ResponseEntity<springfox.documentation.spring.web.json.Json> springfox.documentation.swagger2.web.Swagger2Controller.getDocumentation(java.lang.String,javax.servlet.http.HttpServletRequest)
2018-06-26 12:06:48.349 [main] INFO  o.s.w.s.m.m.a.RequestMappingHandlerMapping -Mapped "{[/swagger-resources/configuration/ui]}" onto org.springframework.http.ResponseEntity<springfox.documentation.swagger.web.UiConfiguration> springfox.documentation.swagger.web.ApiResourceController.uiConfiguration()
2018-06-26 12:06:48.350 [main] INFO  o.s.w.s.m.m.a.RequestMappingHandlerMapping -Mapped "{[/swagger-resources]}" onto org.springframework.http.ResponseEntity<java.util.List<springfox.documentation.swagger.web.SwaggerResource>> springfox.documentation.swagger.web.ApiResourceController.swaggerResources()
2018-06-26 12:06:48.350 [main] INFO  o.s.w.s.m.m.a.RequestMappingHandlerMapping -Mapped "{[/swagger-resources/configuration/security]}" onto org.springframework.http.ResponseEntity<springfox.documentation.swagger.web.SecurityConfiguration> springfox.documentation.swagger.web.ApiResourceController.securityConfiguration()
2018-06-26 12:06:48.352 [main] INFO  o.s.w.s.m.m.a.RequestMappingHandlerMapping -Mapped "{[/error]}" onto public org.springframework.http.ResponseEntity<java.util.Map<java.lang.String, java.lang.Object>> org.springframework.boot.autoconfigure.web.BasicErrorController.error(javax.servlet.http.HttpServletRequest)
2018-06-26 12:06:48.353 [main] INFO  o.s.w.s.m.m.a.RequestMappingHandlerMapping -Mapped "{[/error],produces=[text/html]}" onto public org.springframework.web.servlet.ModelAndView org.springframework.boot.autoconfigure.web.BasicErrorController.errorHtml(javax.servlet.http.HttpServletRequest,javax.servlet.http.HttpServletResponse)
2018-06-26 12:06:48.854 [main] INFO  o.s.w.s.m.m.a.RequestMappingHandlerAdapter -Looking for @ControllerAdvice: org.springframework.boot.context.embedded.AnnotationConfigEmbeddedWebApplicationContext@19d37183: startup date [Tue Jun 26 12:06:46 CST 2018]; root of context hierarchy
2018-06-26 12:06:48.900 [main] INFO  o.s.web.servlet.handler.SimpleUrlHandlerMapping -Mapped URL path [/webjars/**] onto handler of type [class org.springframework.web.servlet.resource.ResourceHttpRequestHandler]
2018-06-26 12:06:48.900 [main] INFO  o.s.web.servlet.handler.SimpleUrlHandlerMapping -Mapped URL path [/**] onto handler of type [class org.springframework.web.servlet.resource.ResourceHttpRequestHandler]
2018-06-26 12:06:48.915 [main] INFO  o.s.w.s.m.m.a.ExceptionHandlerExceptionResolver -Detected @ExceptionHandler methods in globalExcetionHandler
2018-06-26 12:06:48.936 [main] INFO  o.s.web.servlet.handler.SimpleUrlHandlerMapping -Mapped URL path [/**/favicon.ico] onto handler of type [class org.springframework.web.servlet.resource.ResourceHttpRequestHandler]
2018-06-26 12:06:49.058 [main] INFO  o.s.jmx.export.annotation.AnnotationMBeanExporter -Registering beans for JMX exposure on startup
2018-06-26 12:06:49.062 [main] INFO  o.s.context.support.DefaultLifecycleProcessor -Starting beans in phase 2147483647
2018-06-26 12:06:49.062 [main] INFO  s.d.s.web.plugins.DocumentationPluginsBootstrapper -Context refreshed
2018-06-26 12:06:49.074 [main] INFO  s.d.s.web.plugins.DocumentationPluginsBootstrapper -Found 1 custom documentation plugin(s)
2018-06-26 12:06:49.089 [main] INFO  s.d.spring.web.scanners.ApiListingReferenceScanner -Scanning for api listing references
2018-06-26 12:06:49.263 [main] INFO  o.s.b.c.e.u.UndertowEmbeddedServletContainer -Undertow started on port(s) 8088 (https)
2018-06-26 12:06:49.266 [main] INFO  com.dwring.springboot.Application -Started Application in 3.22 seconds (JVM running for 3.574)
2018-06-26 12:07:18.993 [XNIO-2 task-7] INFO  io.undertow.servlet -Initializing Spring FrameworkServlet 'dispatcherServlet'
2018-06-26 12:07:18.993 [XNIO-2 task-7] INFO  org.springframework.web.servlet.DispatcherServlet -FrameworkServlet 'dispatcherServlet': initialization started
2018-06-26 12:07:19.006 [XNIO-2 task-7] INFO  org.springframework.web.servlet.DispatcherServlet -FrameworkServlet 'dispatcherServlet': initialization completed in 13 ms
